<?xml version="1.0" encoding="UTF-8"?>
<testsuite xmlns:xsi="http://www.w3.org/2001/XMLSchema-instance" xsi:noNamespaceSchemaLocation="https://maven.apache.org/surefire/maven-surefire-plugin/xsd/surefire-test-report-3.0.xsd" version="3.0" name="demo.chess.definitions.moves.test.impl.MateNotRecognizedTest" time="0.78" tests="1" errors="0" skipped="0" failures="0">
  <properties>
[...]
</properties>
  <testcase name="testMate" classname="demo.chess.definitions.moves.test.impl.MateNotRecognizedTest" time="0.338">
    <system-out><![CDATA[00:22:46.699 [main] INFO  template.annotation.initializer.SpringAnnotationContextInitializer - applicationContext org.springframework.context.annotation.AnnotationConfigApplicationContext@248e319b scanning in definitions..*
00:22:46.744 [main] INFO  template.annotation.initializer.SpringAnnotationContextInitializer - applicationContext org.springframework.context.annotation.AnnotationConfigApplicationContext@248e319b refreshing
00:22:46.866 [main] INFO  template.annotation.initializer.SpringAnnotationContextInitializer - Beans we are aware of:
00:22:46.867 [main] INFO  template.annotation.initializer.SpringAnnotationContextInitializer - bean org.springframework.context.annotation.internalConfigurationAnnotationProcessor
00:22:46.867 [main] INFO  template.annotation.initializer.SpringAnnotationContextInitializer - bean org.springframework.context.annotation.internalAutowiredAnnotationProcessor
00:22:46.867 [main] INFO  template.annotation.initializer.SpringAnnotationContextInitializer - bean org.springframework.context.annotation.internalJsr250AnnotationProcessor
00:22:46.867 [main] INFO  template.annotation.initializer.SpringAnnotationContextInitializer - bean org.springframework.context.event.internalEventListenerProcessor
00:22:46.867 [main] INFO  template.annotation.initializer.SpringAnnotationContextInitializer - bean org.springframework.context.event.internalEventListenerFactory
00:22:46.867 [main] INFO  template.annotation.initializer.SpringAnnotationContextInitializer - bean chessAdmin
00:22:46.867 [main] INFO  template.annotation.initializer.SpringAnnotationContextInitializer - bean chessGame
00:22:46.867 [main] INFO  template.annotation.initializer.SpringAnnotationContextInitializer - bean simulation
00:22:46.867 [main] INFO  template.annotation.initializer.SpringAnnotationContextInitializer - bean evaluationEngine
00:22:46.867 [main] INFO  template.annotation.initializer.SpringAnnotationContextInitializer - bean environment
00:22:46.867 [main] INFO  template.annotation.initializer.SpringAnnotationContextInitializer - bean systemProperties
00:22:46.867 [main] INFO  template.annotation.initializer.SpringAnnotationContextInitializer - bean systemEnvironment
00:22:46.868 [main] INFO  template.annotation.initializer.SpringAnnotationContextInitializer - bean applicationStartup
00:22:46.868 [main] INFO  template.annotation.initializer.SpringAnnotationContextInitializer - bean org.springframework.context.annotation.ConfigurationClassPostProcessor.importRegistry
00:22:46.868 [main] INFO  template.annotation.initializer.SpringAnnotationContextInitializer - bean messageSource
00:22:46.868 [main] INFO  template.annotation.initializer.SpringAnnotationContextInitializer - bean applicationEventMulticaster
00:22:46.868 [main] INFO  template.annotation.initializer.SpringAnnotationContextInitializer - bean lifecycleProcessor
00:22:46.888 [pool-3-thread-1] INFO  demo.chess.definitions.clocks.impl.ChessClock - targetTimeMillis: 0, incrementTotal: 0, this.getTime(): 0, super.getTime(): 0
00:22:46.888 [pool-4-thread-1] INFO  demo.chess.definitions.clocks.impl.ChessClock - targetTimeMillis: 0, incrementTotal: 0, this.getTime(): 0, super.getTime(): 0
00:22:47.204 [main] DEBUG demo.chess.definitions.moves.test.impl.MateNotRecognizedTest - Sequence [e2e4, g8f6, d2d4, b8c6, e4e5, a7a6, d4d5, h7h6, b1c3, h8h7, g1f3, a8a7, f1c4, f6g8, c1f4, c6b8, f4g3, g8f6, c4b3, b8c6, e1g1, c6b8, e5f6, h7h8, d1d4, c7c5, d4c5, b7b6, c5d4, h8g8, f6e7, a7b7, e7d8r, e8e7, f1e1, e7d8, f3e5, d8e8, e5g6, e8d8, g6f8, b8c6, d4h4, g7g5, h4h6, c6e7, e1e7, a6a5, h6f6, a5a4, d5d6, g5g4] completed
]]></system-out>
  </testcase>
</testsuite>