<?xml version="1.0" encoding="UTF-8"?>
<testsuite xmlns:xsi="http://www.w3.org/2001/XMLSchema-instance" xsi:noNamespaceSchemaLocation="https://maven.apache.org/surefire/maven-surefire-plugin/xsd/surefire-test-report-3.0.xsd" version="3.0" name="demo.chess.definitions.moves.test.impl.MateTest" time="0.044" tests="1" errors="0" skipped="0" failures="0">
  <properties>
[...]
</properties>
  <testcase name="testMate" classname="demo.chess.definitions.moves.test.impl.MateTest" time="0.026">
    <system-out><![CDATA[00:22:47.725 [main] INFO  template.annotation.initializer.SpringAnnotationContextInitializer - applicationContext org.springframework.context.annotation.AnnotationConfigApplicationContext@6a66a204 scanning in definitions..*
00:22:47.731 [main] INFO  template.annotation.initializer.SpringAnnotationContextInitializer - applicationContext org.springframework.context.annotation.AnnotationConfigApplicationContext@6a66a204 refreshing
00:22:47.738 [main] INFO  template.annotation.initializer.SpringAnnotationContextInitializer - Beans we are aware of:
00:22:47.738 [main] INFO  template.annotation.initializer.SpringAnnotationContextInitializer - bean org.springframework.context.annotation.internalConfigurationAnnotationProcessor
00:22:47.738 [main] INFO  template.annotation.initializer.SpringAnnotationContextInitializer - bean org.springframework.context.annotation.internalAutowiredAnnotationProcessor
00:22:47.738 [main] INFO  template.annotation.initializer.SpringAnnotationContextInitializer - bean org.springframework.context.annotation.internalJsr250AnnotationProcessor
00:22:47.738 [main] INFO  template.annotation.initializer.SpringAnnotationContextInitializer - bean org.springframework.context.event.internalEventListenerProcessor
00:22:47.738 [main] INFO  template.annotation.initializer.SpringAnnotationContextInitializer - bean org.springframework.context.event.internalEventListenerFactory
00:22:47.739 [main] INFO  template.annotation.initializer.SpringAnnotationContextInitializer - bean chessAdmin
00:22:47.739 [main] INFO  template.annotation.initializer.SpringAnnotationContextInitializer - bean chessGame
00:22:47.739 [main] INFO  template.annotation.initializer.SpringAnnotationContextInitializer - bean simulation
00:22:47.739 [main] INFO  template.annotation.initializer.SpringAnnotationContextInitializer - bean evaluationEngine
00:22:47.739 [main] INFO  template.annotation.initializer.SpringAnnotationContextInitializer - bean environment
00:22:47.739 [main] INFO  template.annotation.initializer.SpringAnnotationContextInitializer - bean systemProperties
00:22:47.739 [main] INFO  template.annotation.initializer.SpringAnnotationContextInitializer - bean systemEnvironment
00:22:47.739 [main] INFO  template.annotation.initializer.SpringAnnotationContextInitializer - bean applicationStartup
00:22:47.739 [main] INFO  template.annotation.initializer.SpringAnnotationContextInitializer - bean org.springframework.context.annotation.ConfigurationClassPostProcessor.importRegistry
00:22:47.739 [main] INFO  template.annotation.initializer.SpringAnnotationContextInitializer - bean messageSource
00:22:47.739 [main] INFO  template.annotation.initializer.SpringAnnotationContextInitializer - bean applicationEventMulticaster
00:22:47.739 [main] INFO  template.annotation.initializer.SpringAnnotationContextInitializer - bean lifecycleProcessor
00:22:47.741 [pool-20383-thread-1] INFO  demo.chess.definitions.clocks.impl.ChessClock - targetTimeMillis: 0, incrementTotal: 0, this.getTime(): 0, super.getTime(): 0
00:22:47.743 [pool-20384-thread-1] INFO  demo.chess.definitions.clocks.impl.ChessClock - targetTimeMillis: 0, incrementTotal: 0, this.getTime(): 1, super.getTime(): 1
00:22:47.767 [main] DEBUG demo.chess.definitions.moves.test.impl.MateTest - Sequence [h2h4, g7g5, h4g5, g8h6, g5h6, f8g7, h6g7, c7c6, g7h8r] completed
]]></system-out>
  </testcase>
</testsuite>